--- Copying files at Mon Oct 23 07:07:02 UTC 2017
INSTALLED init.groovy.d/tcp-slave-agent-port.groovy
--- Copying files at Tue Oct 24 10:02:48 UTC 2017
--- Copying files at Wed Oct 25 07:45:36 UTC 2017
--- Copying files at Thu Oct 26 08:20:55 UTC 2017
--- Copying files at Thu Oct 26 09:44:05 UTC 2017
--- Copying files at Thu Oct 26 10:01:28 UTC 2017
--- Copying files at Thu Oct 26 10:13:25 UTC 2017
--- Copying files at Thu Oct 26 10:19:43 UTC 2017
--- Copying files at Thu Oct 26 10:23:35 UTC 2017
--- Copying files at Fri Oct 27 08:37:24 UTC 2017
--- Copying files at Fri Oct 27 12:19:21 UTC 2017
--- Copying files at Thu Nov  2 10:01:39 UTC 2017
--- Copying files at Thu Nov  2 11:49:10 UTC 2017
--- Copying files at Fri Nov  3 10:08:12 UTC 2017
--- Copying files at Fri Nov  3 10:43:21 UTC 2017
--- Copying files at Fri Nov  3 10:43:43 UTC 2017
--- Copying files at Fri Nov  3 11:00:19 UTC 2017
--- Copying files at Fri Nov  3 11:06:51 UTC 2017
--- Copying files at Fri Nov  3 11:15:34 UTC 2017
--- Copying files at Fri Nov  3 11:25:28 UTC 2017
--- Copying files at Fri Nov  3 12:05:00 UTC 2017
--- Copying files at Fri Nov  3 12:16:14 UTC 2017
--- Copying files at Fri Nov  3 14:23:23 UTC 2017
--- Copying files at Mon Nov  6 08:13:08 UTC 2017
